2019-10-04T02:26:15+00:00 CRITICAL Uncaught Error: Call to undefined function nhomk_entry_header() in C:\xampp\htdocs\nhomK-woocommerce\wp-content\themes\Project-theme\content.php:4
Stack trace:
#0 C:\xampp\htdocs\nhomK-woocommerce\wp-includes\template.php(724): require()
#1 C:\xampp\htdocs\nhomK-woocommerce\wp-includes\template.php(671): load_template('C:\\xampp\\htdocs...', false)
#2 C:\xampp\htdocs\nhomK-woocommerce\wp-includes\general-template.php(168): locate_template(Array, true, false)
#3 C:\xampp\htdocs\nhomK-woocommerce\wp-content\themes\Project-theme\single.php(6): get_template_part('content', '')
#4 C:\xampp\htdocs\nhomK-woocommerce\wp-includes\template-loader.php(78): include('C:\\xampp\\htdocs...')
#5 C:\xampp\htdocs\nhomK-woocommerce\wp-blog-header.php(19): require_once('C:\\xampp\\htdocs...')
#6 C:\xampp\htdocs\nhomK-woocommerce\index.php(17): require('C:\\xampp\\htdocs...')
#7 {main}
  thrown in C:\xampp\htdocs\nhomK-woocommerce\wp-content\themes\Project-theme\content.php on line 4

2019-10-04T02:52:19+00:00 CRITICAL Uncaught Error: Call to undefined function hayghe_tagid() in C:\xampp\htdocs\nhomK-woocommerce\wp-content\themes\Project-theme\single.php:2
Stack trace:
#0 C:\xampp\htdocs\nhomK-woocommerce\wp-includes\template-loader.php(78): include()
#1 C:\xampp\htdocs\nhomK-woocommerce\wp-blog-header.php(19): require_once('C:\\xampp\\htdocs...')
#2 C:\xampp\htdocs\nhomK-woocommerce\index.php(17): require('C:\\xampp\\htdocs...')
#3 {main}
  thrown in C:\xampp\htdocs\nhomK-woocommerce\wp-content\themes\Project-theme\single.php on line 2

2019-10-04T02:53:28+00:00 CRITICAL Uncaught Error: Call to undefined function hayghe_tagid() in C:\xampp\htdocs\nhomK-woocommerce\wp-content\themes\Project-theme\single.php:2
Stack trace:
#0 C:\xampp\htdocs\nhomK-woocommerce\wp-includes\template-loader.php(78): include()
#1 C:\xampp\htdocs\nhomK-woocommerce\wp-blog-header.php(19): require_once('C:\\xampp\\htdocs...')
#2 C:\xampp\htdocs\nhomK-woocommerce\index.php(17): require('C:\\xampp\\htdocs...')
#3 {main}
  thrown in C:\xampp\htdocs\nhomK-woocommerce\wp-content\themes\Project-theme\single.php on line 2

2019-10-04T03:13:28+00:00 CRITICAL Uncaught Error: Call to undefined function hayghe_tagid() in C:\xampp\htdocs\nhomK-woocommerce\wp-content\themes\Project-theme\single.php:2
Stack trace:
#0 C:\xampp\htdocs\nhomK-woocommerce\wp-includes\template-loader.php(78): include()
#1 C:\xampp\htdocs\nhomK-woocommerce\wp-blog-header.php(19): require_once('C:\\xampp\\htdocs...')
#2 C:\xampp\htdocs\nhomK-woocommerce\index.php(17): require('C:\\xampp\\htdocs...')
#3 {main}
  thrown in C:\xampp\htdocs\nhomK-woocommerce\wp-content\themes\Project-theme\single.php on line 2

2019-10-04T08:56:42+00:00 CRITICAL require_once(): Failed opening required 'C:\xampp\htdocs\nhomK-woocommerce/wp-content/themes/Project-theme/collection.php' (include_path='C:\xampp\php\PEAR') in C:\xampp\htdocs\nhomK-woocommerce\wp-content\themes\Project-theme\module\2-collection.php on line 3

2019-10-04T08:57:51+00:00 CRITICAL require_once(): Failed opening required 'C:\xampp\htdocs\nhomK-woocommerce/wp-content/themes/Project-themewp-content/plugins/collection.php' (include_path='C:\xampp\php\PEAR') in C:\xampp\htdocs\nhomK-woocommerce\wp-content\themes\Project-theme\module\2-collection.php on line 3

2019-10-04T09:23:32+00:00 CRITICAL Uncaught Error: Call to a member function array() on null in C:\xampp\htdocs\nhomK-woocommerce\wp-content\themes\Project-theme\module\2-collection.php:6
Stack trace:
#0 C:\xampp\htdocs\nhomK-woocommerce\wp-includes\template.php(724): require()
#1 C:\xampp\htdocs\nhomK-woocommerce\wp-includes\template.php(671): load_template('C:\\xampp\\htdocs...', false)
#2 C:\xampp\htdocs\nhomK-woocommerce\wp-includes\general-template.php(168): locate_template(Array, true, false)
#3 C:\xampp\htdocs\nhomK-woocommerce\wp-content\themes\Project-theme\template\template-index.php(13): get_template_part('module/2', 'collection')
#4 C:\xampp\htdocs\nhomK-woocommerce\wp-includes\template-loader.php(78): include('C:\\xampp\\htdocs...')
#5 C:\xampp\htdocs\nhomK-woocommerce\wp-blog-header.php(19): require_once('C:\\xampp\\htdocs...')
#6 C:\xampp\htdocs\nhomK-woocommerce\index.php(17): require('C:\\xampp\\htdocs...')
#7 {main}
  thrown in C:\xampp\htdocs\nhomK-woocommerce\wp-content\themes\Project-theme\module\2-collection.php on line 6

2019-10-04T10:19:56+00:00 CRITICAL Uncaught ArgumentCountError: Too few arguments to function Collection_Widget::widget(), 2 passed in C:\xampp\htdocs\nhomK-woocommerce\wp-content\themes\Project-theme\module\2-collection.php on line 6 and exactly 3 expected in C:\xampp\htdocs\nhomK-woocommerce\wp-content\plugins\collection.php:82
Stack trace:
#0 C:\xampp\htdocs\nhomK-woocommerce\wp-content\themes\Project-theme\module\2-collection.php(6): Collection_Widget->widget(Array, NULL)
#1 C:\xampp\htdocs\nhomK-woocommerce\wp-includes\template.php(724): require('C:\\xampp\\htdocs...')
#2 C:\xampp\htdocs\nhomK-woocommerce\wp-includes\template.php(671): load_template('C:\\xampp\\htdocs...', false)
#3 C:\xampp\htdocs\nhomK-woocommerce\wp-includes\general-template.php(168): locate_template(Array, true, false)
#4 C:\xampp\htdocs\nhomK-woocommerce\wp-content\themes\Project-theme\template\template-index.php(13): get_template_part('module/2', 'collection')
#5 C:\xampp\htdocs\nhomK-woocommerce\wp-includes\template-loader.php(78): include('C:\\xampp\\htdocs...')
# in C:\xampp\htdocs\nhomK-woocommerce\wp-content\plugins\collection.php on line 82

